D:\LNT_DIP_PROJECTS\CPPTRAINING\CPPTRAINING\CPPTRAINING\DEBUG\CONSTRUCTORCALL.OBJ
D:\LNT_DIP_PROJECTS\CPPTRAINING\CPPTRAINING\CPPTRAINING\DEBUG\VC110.PDB
D:\LNT_DIP_PROJECTS\CPPTRAINING\CPPTRAINING\CPPTRAINING\DEBUG\DIAMONDPROBLEM.OBJ
D:\LNT_DIP_PROJECTS\CPPTRAINING\CPPTRAINING\CPPTRAINING\DEBUG\MULTILEVELINHERITANCE.OBJ
D:\LNT_DIP_PROJECTS\CPPTRAINING\CPPTRAINING\CPPTRAINING\DEBUG\MULTIPLEINHERITANCE.OBJ
D:\LNT_DIP_PROJECTS\CPPTRAINING\CPPTRAINING\CPPTRAINING\DEBUG\FUNCTIONOVERLOADING.OBJ
D:\LNT_DIP_PROJECTS\CPPTRAINING\CPPTRAINING\CPPTRAINING\DEBUG\VIRTUALFUNCTIONS.OBJ
D:\LNT_DIP_PROJECTS\CPPTRAINING\CPPTRAINING\CPPTRAINING\DEBUG\LAMBDAEXPRESSION.OBJ
D:\LNT_DIP_PROJECTS\CPPTRAINING\CPPTRAINING\CPPTRAINING\DEBUG\COUNT.OBJ
D:\LNT_DIP_PROJECTS\CPPTRAINING\CPPTRAINING\CPPTRAINING\DEBUG\REMOVINGANDREPLACING.OBJ
D:\LNT_DIP_PROJECTS\CPPTRAINING\CPPTRAINING\CPPTRAINING\DEBUG\LISTCLASSES.OBJ
D:\LNT_DIP_PROJECTS\CPPTRAINING\CPPTRAINING\CPPTRAINING\DEBUG\LISTS.OBJ
D:\LNT_DIP_PROJECTS\CPPTRAINING\CPPTRAINING\CPPTRAINING\DEBUG\MAPS.OBJ
D:\LNT_DIP_PROJECTS\CPPTRAINING\CPPTRAINING\CPPTRAINING\DEBUG\GENERICCLASSES.OBJ
D:\LNT_DIP_PROJECTS\CPPTRAINING\CPPTRAINING\CPPTRAINING\DEBUG\MULTIPLETYPETEMPLATES.OBJ
D:\LNT_DIP_PROJECTS\CPPTRAINING\CPPTRAINING\CPPTRAINING\DEBUG\TEST.OBJ
D:\LNT_DIP_PROJECTS\CPPTRAINING\CPPTRAINING\DEBUG\CPPTRAINING.ILK
D:\LNT_DIP_PROJECTS\CPPTRAINING\CPPTRAINING\DEBUG\CPPTRAINING.EXE
D:\LNT_DIP_PROJECTS\CPPTRAINING\CPPTRAINING\DEBUG\CPPTRAINING.PDB
D:\LnT_DIP_Projects\CPPTraining\CPPTraining\CPPTraining\Debug\ConstructorCall.obj
D:\LnT_DIP_Projects\CPPTraining\CPPTraining\CPPTraining\Debug\Count.obj
D:\LnT_DIP_Projects\CPPTraining\CPPTraining\CPPTraining\Debug\DiamondProblem.obj
D:\LnT_DIP_Projects\CPPTraining\CPPTraining\CPPTraining\Debug\FunctionOverloading.obj
D:\LnT_DIP_Projects\CPPTraining\CPPTraining\CPPTraining\Debug\GenericClasses.obj
D:\LnT_DIP_Projects\CPPTraining\CPPTraining\CPPTraining\Debug\LambdaExpression.obj
D:\LnT_DIP_Projects\CPPTraining\CPPTraining\CPPTraining\Debug\ListClasses.obj
D:\LnT_DIP_Projects\CPPTraining\CPPTraining\CPPTraining\Debug\Lists.obj
D:\LnT_DIP_Projects\CPPTraining\CPPTraining\CPPTraining\Debug\Maps.obj
D:\LnT_DIP_Projects\CPPTraining\CPPTraining\CPPTraining\Debug\MultiLevelInheritance.obj
D:\LnT_DIP_Projects\CPPTraining\CPPTraining\CPPTraining\Debug\MultipleInheritance.obj
D:\LnT_DIP_Projects\CPPTraining\CPPTraining\CPPTraining\Debug\MultipleTypeTemplates.obj
D:\LnT_DIP_Projects\CPPTraining\CPPTraining\CPPTraining\Debug\RemovingAndReplacing.obj
D:\LnT_DIP_Projects\CPPTraining\CPPTraining\CPPTraining\Debug\Test.obj
D:\LnT_DIP_Projects\CPPTraining\CPPTraining\CPPTraining\Debug\VirtualFunctions.obj
D:\LnT_DIP_Projects\CPPTraining\CPPTraining\CPPTraining\Debug\cl.command.1.tlog
D:\LnT_DIP_Projects\CPPTraining\CPPTraining\CPPTraining\Debug\CL.read.1.tlog
D:\LnT_DIP_Projects\CPPTraining\CPPTraining\CPPTraining\Debug\CL.write.1.tlog
D:\LnT_DIP_Projects\CPPTraining\CPPTraining\CPPTraining\Debug\link-cvtres.read.1.tlog
D:\LnT_DIP_Projects\CPPTraining\CPPTraining\CPPTraining\Debug\link-cvtres.write.1.tlog
D:\LnT_DIP_Projects\CPPTraining\CPPTraining\CPPTraining\Debug\link-rc.read.1.tlog
D:\LnT_DIP_Projects\CPPTraining\CPPTraining\CPPTraining\Debug\link-rc.write.1.tlog
D:\LnT_DIP_Projects\CPPTraining\CPPTraining\CPPTraining\Debug\link.10080-cvtres.read.1.tlog
D:\LnT_DIP_Projects\CPPTraining\CPPTraining\CPPTraining\Debug\link.10080-cvtres.write.1.tlog
D:\LnT_DIP_Projects\CPPTraining\CPPTraining\CPPTraining\Debug\link.10080-rc.read.1.tlog
D:\LnT_DIP_Projects\CPPTraining\CPPTraining\CPPTraining\Debug\link.10080-rc.write.1.tlog
D:\LnT_DIP_Projects\CPPTraining\CPPTraining\CPPTraining\Debug\link.10080.read.1.tlog
D:\LnT_DIP_Projects\CPPTraining\CPPTraining\CPPTraining\Debug\link.10080.write.1.tlog
D:\LnT_DIP_Projects\CPPTraining\CPPTraining\CPPTraining\Debug\link.11640-cvtres.read.1.tlog
D:\LnT_DIP_Projects\CPPTraining\CPPTraining\CPPTraining\Debug\link.11640-cvtres.write.1.tlog
D:\LnT_DIP_Projects\CPPTraining\CPPTraining\CPPTraining\Debug\link.11640-rc.read.1.tlog
D:\LnT_DIP_Projects\CPPTraining\CPPTraining\CPPTraining\Debug\link.11640-rc.write.1.tlog
D:\LnT_DIP_Projects\CPPTraining\CPPTraining\CPPTraining\Debug\link.11640.read.1.tlog
D:\LnT_DIP_Projects\CPPTraining\CPPTraining\CPPTraining\Debug\link.11640.write.1.tlog
D:\LnT_DIP_Projects\CPPTraining\CPPTraining\CPPTraining\Debug\link.12400-cvtres.read.1.tlog
D:\LnT_DIP_Projects\CPPTraining\CPPTraining\CPPTraining\Debug\link.12400-cvtres.write.1.tlog
D:\LnT_DIP_Projects\CPPTraining\CPPTraining\CPPTraining\Debug\link.12400-rc.read.1.tlog
D:\LnT_DIP_Projects\CPPTraining\CPPTraining\CPPTraining\Debug\link.12400-rc.write.1.tlog
D:\LnT_DIP_Projects\CPPTraining\CPPTraining\CPPTraining\Debug\link.12400.read.1.tlog
D:\LnT_DIP_Projects\CPPTraining\CPPTraining\CPPTraining\Debug\link.12400.write.1.tlog
D:\LnT_DIP_Projects\CPPTraining\CPPTraining\CPPTraining\Debug\link.13536-cvtres.read.1.tlog
D:\LnT_DIP_Projects\CPPTraining\CPPTraining\CPPTraining\Debug\link.13536-cvtres.write.1.tlog
D:\LnT_DIP_Projects\CPPTraining\CPPTraining\CPPTraining\Debug\link.13536-rc.read.1.tlog
D:\LnT_DIP_Projects\CPPTraining\CPPTraining\CPPTraining\Debug\link.13536-rc.write.1.tlog
D:\LnT_DIP_Projects\CPPTraining\CPPTraining\CPPTraining\Debug\link.13536.read.1.tlog
D:\LnT_DIP_Projects\CPPTraining\CPPTraining\CPPTraining\Debug\link.13536.write.1.tlog
D:\LnT_DIP_Projects\CPPTraining\CPPTraining\CPPTraining\Debug\link.13688-cvtres.read.1.tlog
D:\LnT_DIP_Projects\CPPTraining\CPPTraining\CPPTraining\Debug\link.13688-cvtres.write.1.tlog
D:\LnT_DIP_Projects\CPPTraining\CPPTraining\CPPTraining\Debug\link.13688-rc.read.1.tlog
D:\LnT_DIP_Projects\CPPTraining\CPPTraining\CPPTraining\Debug\link.13688-rc.write.1.tlog
D:\LnT_DIP_Projects\CPPTraining\CPPTraining\CPPTraining\Debug\link.13688.read.1.tlog
D:\LnT_DIP_Projects\CPPTraining\CPPTraining\CPPTraining\Debug\link.13688.write.1.tlog
D:\LnT_DIP_Projects\CPPTraining\CPPTraining\CPPTraining\Debug\link.13880-cvtres.read.1.tlog
D:\LnT_DIP_Projects\CPPTraining\CPPTraining\CPPTraining\Debug\link.13880-cvtres.write.1.tlog
D:\LnT_DIP_Projects\CPPTraining\CPPTraining\CPPTraining\Debug\link.13880-rc.read.1.tlog
D:\LnT_DIP_Projects\CPPTraining\CPPTraining\CPPTraining\Debug\link.13880-rc.write.1.tlog
D:\LnT_DIP_Projects\CPPTraining\CPPTraining\CPPTraining\Debug\link.13880.read.1.tlog
D:\LnT_DIP_Projects\CPPTraining\CPPTraining\CPPTraining\Debug\link.13880.write.1.tlog
D:\LnT_DIP_Projects\CPPTraining\CPPTraining\CPPTraining\Debug\link.1584-cvtres.read.1.tlog
D:\LnT_DIP_Projects\CPPTraining\CPPTraining\CPPTraining\Debug\link.1584-cvtres.write.1.tlog
D:\LnT_DIP_Projects\CPPTraining\CPPTraining\CPPTraining\Debug\link.1584-rc.read.1.tlog
D:\LnT_DIP_Projects\CPPTraining\CPPTraining\CPPTraining\Debug\link.1584-rc.write.1.tlog
D:\LnT_DIP_Projects\CPPTraining\CPPTraining\CPPTraining\Debug\link.1584.read.1.tlog
D:\LnT_DIP_Projects\CPPTraining\CPPTraining\CPPTraining\Debug\link.1584.write.1.tlog
D:\LnT_DIP_Projects\CPPTraining\CPPTraining\CPPTraining\Debug\link.4512-cvtres.read.1.tlog
D:\LnT_DIP_Projects\CPPTraining\CPPTraining\CPPTraining\Debug\link.4512-cvtres.write.1.tlog
D:\LnT_DIP_Projects\CPPTraining\CPPTraining\CPPTraining\Debug\link.4512-rc.read.1.tlog
D:\LnT_DIP_Projects\CPPTraining\CPPTraining\CPPTraining\Debug\link.4512-rc.write.1.tlog
D:\LnT_DIP_Projects\CPPTraining\CPPTraining\CPPTraining\Debug\link.4512.read.1.tlog
D:\LnT_DIP_Projects\CPPTraining\CPPTraining\CPPTraining\Debug\link.4512.write.1.tlog
D:\LnT_DIP_Projects\CPPTraining\CPPTraining\CPPTraining\Debug\link.62840-cvtres.read.1.tlog
D:\LnT_DIP_Projects\CPPTraining\CPPTraining\CPPTraining\Debug\link.62840-cvtres.write.1.tlog
D:\LnT_DIP_Projects\CPPTraining\CPPTraining\CPPTraining\Debug\link.62840-rc.read.1.tlog
D:\LnT_DIP_Projects\CPPTraining\CPPTraining\CPPTraining\Debug\link.62840-rc.write.1.tlog
D:\LnT_DIP_Projects\CPPTraining\CPPTraining\CPPTraining\Debug\link.62840.read.1.tlog
D:\LnT_DIP_Projects\CPPTraining\CPPTraining\CPPTraining\Debug\link.62840.write.1.tlog
D:\LnT_DIP_Projects\CPPTraining\CPPTraining\CPPTraining\Debug\link.62848-cvtres.read.1.tlog
D:\LnT_DIP_Projects\CPPTraining\CPPTraining\CPPTraining\Debug\link.62848-cvtres.write.1.tlog
D:\LnT_DIP_Projects\CPPTraining\CPPTraining\CPPTraining\Debug\link.62848-rc.read.1.tlog
D:\LnT_DIP_Projects\CPPTraining\CPPTraining\CPPTraining\Debug\link.62848-rc.write.1.tlog
D:\LnT_DIP_Projects\CPPTraining\CPPTraining\CPPTraining\Debug\link.62848.read.1.tlog
D:\LnT_DIP_Projects\CPPTraining\CPPTraining\CPPTraining\Debug\link.62848.write.1.tlog
D:\LnT_DIP_Projects\CPPTraining\CPPTraining\CPPTraining\Debug\link.65476-cvtres.read.1.tlog
D:\LnT_DIP_Projects\CPPTraining\CPPTraining\CPPTraining\Debug\link.65476-cvtres.write.1.tlog
D:\LnT_DIP_Projects\CPPTraining\CPPTraining\CPPTraining\Debug\link.65476-rc.read.1.tlog
D:\LnT_DIP_Projects\CPPTraining\CPPTraining\CPPTraining\Debug\link.65476-rc.write.1.tlog
D:\LnT_DIP_Projects\CPPTraining\CPPTraining\CPPTraining\Debug\link.65476.read.1.tlog
D:\LnT_DIP_Projects\CPPTraining\CPPTraining\CPPTraining\Debug\link.65476.write.1.tlog
D:\LnT_DIP_Projects\CPPTraining\CPPTraining\CPPTraining\Debug\link.66232-cvtres.read.1.tlog
D:\LnT_DIP_Projects\CPPTraining\CPPTraining\CPPTraining\Debug\link.66232-cvtres.write.1.tlog
D:\LnT_DIP_Projects\CPPTraining\CPPTraining\CPPTraining\Debug\link.66232-rc.read.1.tlog
D:\LnT_DIP_Projects\CPPTraining\CPPTraining\CPPTraining\Debug\link.66232-rc.write.1.tlog
D:\LnT_DIP_Projects\CPPTraining\CPPTraining\CPPTraining\Debug\link.66232.read.1.tlog
D:\LnT_DIP_Projects\CPPTraining\CPPTraining\CPPTraining\Debug\link.66232.write.1.tlog
D:\LnT_DIP_Projects\CPPTraining\CPPTraining\CPPTraining\Debug\link.68320-cvtres.read.1.tlog
D:\LnT_DIP_Projects\CPPTraining\CPPTraining\CPPTraining\Debug\link.68320-cvtres.write.1.tlog
D:\LnT_DIP_Projects\CPPTraining\CPPTraining\CPPTraining\Debug\link.68320-rc.read.1.tlog
D:\LnT_DIP_Projects\CPPTraining\CPPTraining\CPPTraining\Debug\link.68320-rc.write.1.tlog
D:\LnT_DIP_Projects\CPPTraining\CPPTraining\CPPTraining\Debug\link.68320.read.1.tlog
D:\LnT_DIP_Projects\CPPTraining\CPPTraining\CPPTraining\Debug\link.68320.write.1.tlog
D:\LnT_DIP_Projects\CPPTraining\CPPTraining\CPPTraining\Debug\link.7420-cvtres.read.1.tlog
D:\LnT_DIP_Projects\CPPTraining\CPPTraining\CPPTraining\Debug\link.7420-cvtres.write.1.tlog
D:\LnT_DIP_Projects\CPPTraining\CPPTraining\CPPTraining\Debug\link.7420-rc.read.1.tlog
D:\LnT_DIP_Projects\CPPTraining\CPPTraining\CPPTraining\Debug\link.7420-rc.write.1.tlog
D:\LnT_DIP_Projects\CPPTraining\CPPTraining\CPPTraining\Debug\link.7420.read.1.tlog
D:\LnT_DIP_Projects\CPPTraining\CPPTraining\CPPTraining\Debug\link.7420.write.1.tlog
D:\LnT_DIP_Projects\CPPTraining\CPPTraining\CPPTraining\Debug\link.8672-cvtres.read.1.tlog
D:\LnT_DIP_Projects\CPPTraining\CPPTraining\CPPTraining\Debug\link.8672-cvtres.write.1.tlog
D:\LnT_DIP_Projects\CPPTraining\CPPTraining\CPPTraining\Debug\link.8672-rc.read.1.tlog
D:\LnT_DIP_Projects\CPPTraining\CPPTraining\CPPTraining\Debug\link.8672-rc.write.1.tlog
D:\LnT_DIP_Projects\CPPTraining\CPPTraining\CPPTraining\Debug\link.8672.read.1.tlog
D:\LnT_DIP_Projects\CPPTraining\CPPTraining\CPPTraining\Debug\link.8672.write.1.tlog
D:\LnT_DIP_Projects\CPPTraining\CPPTraining\CPPTraining\Debug\link.8880-cvtres.read.1.tlog
D:\LnT_DIP_Projects\CPPTraining\CPPTraining\CPPTraining\Debug\link.8880-cvtres.write.1.tlog
D:\LnT_DIP_Projects\CPPTraining\CPPTraining\CPPTraining\Debug\link.8880-rc.read.1.tlog
D:\LnT_DIP_Projects\CPPTraining\CPPTraining\CPPTraining\Debug\link.8880-rc.write.1.tlog
D:\LnT_DIP_Projects\CPPTraining\CPPTraining\CPPTraining\Debug\link.8880.read.1.tlog
D:\LnT_DIP_Projects\CPPTraining\CPPTraining\CPPTraining\Debug\link.8880.write.1.tlog
D:\LnT_DIP_Projects\CPPTraining\CPPTraining\CPPTraining\Debug\link.8960-cvtres.read.1.tlog
D:\LnT_DIP_Projects\CPPTraining\CPPTraining\CPPTraining\Debug\link.8960-cvtres.write.1.tlog
D:\LnT_DIP_Projects\CPPTraining\CPPTraining\CPPTraining\Debug\link.8960-rc.read.1.tlog
D:\LnT_DIP_Projects\CPPTraining\CPPTraining\CPPTraining\Debug\link.8960-rc.write.1.tlog
D:\LnT_DIP_Projects\CPPTraining\CPPTraining\CPPTraining\Debug\link.8960.read.1.tlog
D:\LnT_DIP_Projects\CPPTraining\CPPTraining\CPPTraining\Debug\link.8960.write.1.tlog
D:\LnT_DIP_Projects\CPPTraining\CPPTraining\CPPTraining\Debug\link.9388-cvtres.read.1.tlog
D:\LnT_DIP_Projects\CPPTraining\CPPTraining\CPPTraining\Debug\link.9388-cvtres.write.1.tlog
D:\LnT_DIP_Projects\CPPTraining\CPPTraining\CPPTraining\Debug\link.9388-rc.read.1.tlog
D:\LnT_DIP_Projects\CPPTraining\CPPTraining\CPPTraining\Debug\link.9388-rc.write.1.tlog
D:\LnT_DIP_Projects\CPPTraining\CPPTraining\CPPTraining\Debug\link.9388.read.1.tlog
D:\LnT_DIP_Projects\CPPTraining\CPPTraining\CPPTraining\Debug\link.9388.write.1.tlog
D:\LnT_DIP_Projects\CPPTraining\CPPTraining\CPPTraining\Debug\link.command.1.tlog
D:\LnT_DIP_Projects\CPPTraining\CPPTraining\CPPTraining\Debug\link.read.1.tlog
D:\LnT_DIP_Projects\CPPTraining\CPPTraining\CPPTraining\Debug\link.write.1.tlog
D:\LnT_DIP_Projects\CPPTraining\CPPTraining\CPPTraining\Debug\vc110.idb
D:\LnT_DIP_Projects\CPPTraining\CPPTraining\CPPTraining\Debug\vc110.pdb
D:\LnT_DIP_Projects\CPPTraining\CPPTraining\Debug\CPPTraining.pdb
D:\LnT_DIP_Projects\CPPTraining\CPPTraining\Debug\CPPTraining.exe
D:\LnT_DIP_Projects\CPPTraining\CPPTraining\Debug\CPPTraining.ilk
